<?xml version="1.0" encoding="UTF-8"?>
<testng-results ignored="0" total="1" passed="1" failed="0" skipped="0">
  <reporter-output>
  </reporter-output>
  <suite started-at="2022-05-10T21:03:58 GST" name="Default suite" finished-at="2022-05-10T21:04:40 GST" duration-ms="41736">
    <groups>
    </groups>
    <test started-at="2022-05-10T21:03:58 GST" name="Default test" finished-at="2022-05-10T21:04:40 GST" duration-ms="41736">
      <class name="com.demo.scripts.TestClass">
        <test-method is-config="true" signature="onSetup()[pri:0, instance:com.demo.scripts.TestClass@441772e]" started-at="2022-05-10T21:03:58 GST" name="onSetup" finished-at="2022-05-10T21:04:23 GST" duration-ms="24523" status="PASS">
          <reporter-output>
          </reporter-output>
        </test-method> <!-- onSetup -->
        <test-method signature="verifyValidLogin()[pri:1, instance:com.demo.scripts.TestClass@441772e]" started-at="2022-05-10T21:04:23 GST" name="verifyValidLogin" finished-at="2022-05-10T21:04:40 GST" duration-ms="16844" status="PASS">
          <reporter-output>
          </reporter-output>
        </test-method> <!-- verifyValidLogin -->
      </class> <!-- com.demo.scripts.TestClass -->
    </test> <!-- Default test -->
  </suite> <!-- Default suite -->
</testng-results>
